<?xml version="1.0" encoding="UTF-8"?><testsuite errors="2" failures="0" name="Agregar productos al carrito" skipped="0" tests="2" time="8.21" timestamp="2022-07-18 01:39:55"><testcase name="Title of your scenario"><error type="java.lang.NullPointerException"/><system-err>null&#13;
com.sophos.semillero.interactions.InteractionTest.performAs(InteractionTest.java:20)&#13;
com.sophos.semillero.tasks.SaucedemoLogin.performAs(SaucedemoLogin.java:31)&#13;
com.sophos.semillero.stepdefinitions.SaucedemoLoginStepDefinitions.seEncuentraEnLaPaginaDelLogin(SaucedemoLoginStepDefinitions.java:21)&#13;
io.cucumber.java.Invoker.doInvoke(Invoker.java:66)&#13;
io.cucumber.java.Invoker.invoke(Invoker.java:24)&#13;
io.cucumber.java.AbstractGlueDefinition.invokeMethod(AbstractGlueDefinition.java:47)&#13;
io.cucumber.java.JavaStepDefinition.execute(JavaStepDefinition.java:29)&#13;
io.cucumber.core.runner.CoreStepDefinition.execute(CoreStepDefinition.java:66)&#13;
io.cucumber.core.runner.PickleStepDefinitionMatch.runStep(PickleStepDefinitionMatch.java:63)&#13;
io.cucumber.core.runner.TestStep.executeStep(TestStep.java:92)&#13;
io.cucumber.core.runner.TestStep.run(TestStep.java:64)&#13;
io.cucumber.core.runner.PickleStepTestStep.run(PickleStepTestStep.java:51)&#13;
io.cucumber.core.runner.TestCase.run(TestCase.java:104)&#13;
io.cucumber.core.runner.Runner.runPickle(Runner.java:73)&#13;
io.cucumber.junit.FeatureRunner.runChild(FeatureRunner.java:135)&#13;
io.cucumber.junit.FeatureRunner.runChild(FeatureRunner.java:27)&#13;
io.cucumber.junit.CucumberSerenityRunner.runChild(CucumberSerenityRunner.java:258)&#13;
io.cucumber.junit.CucumberSerenityRunner.runChild(CucumberSerenityRunner.java:57)&#13;
org.eclipse.jdt.internal.junit4.runner.JUnit4TestReference.run(JUnit4TestReference.java:93)&#13;
org.eclipse.jdt.internal.junit.runner.TestExecution.run(TestExecution.java:40)&#13;
org.eclipse.jdt.internal.junit.runner.RemoteTestRunner.runTests(RemoteTestRunner.java:529)&#13;
org.eclipse.jdt.internal.junit.runner.RemoteTestRunner.runTests(RemoteTestRunner.java:756)&#13;
org.eclipse.jdt.internal.junit.runner.RemoteTestRunner.run(RemoteTestRunner.java:452)&#13;
org.eclipse.jdt.internal.junit.runner.RemoteTestRunner.main(RemoteTestRunner.java:210)&#13;
</system-err></testcase><testcase name="Agregar dos productos al carrito"><error message="Could not find a matching constructor for class class com.sophos.semillero.tasks.SaucedemoAddProducts with parameters [      | url      | https://www.saucedemo.com/inventory.html |&#10;      | product1 | Sauce Labs Backpack                      |&#10;      | product2 | Sauce Labs Bolt T-Shirt                  |&#10;]" type="java.lang.IllegalArgumentException">Could not find a matching constructor for class class com.sophos.semillero.tasks.SaucedemoAddProducts with parameters [      | url      | https://www.saucedemo.com/inventory.html |
      | product1 | Sauce Labs Backpack                      |
      | product2 | Sauce Labs Bolt T-Shirt                  |
]</error><system-err>Could not find a matching constructor for class class com.sophos.semillero.tasks.SaucedemoAddProducts with parameters [      | url      | https://www.saucedemo.com/inventory.html |
      | product1 | Sauce Labs Backpack                      |
      | product2 | Sauce Labs Bolt T-Shirt                  |
]&#13;
com.sophos.semillero.tasks.SaucedemoAddProducts.ofTheProductList(SaucedemoAddProducts.java:33)&#13;
com.sophos.semillero.stepdefinitions.SaucedemoAddProductosStepDefinitions.seEncuentreLogueado(SaucedemoAddProductosStepDefinitions.java:21)&#13;
✽."Ivan" se encuentre logueado(file:///C:/Users/Ivan.riosa/semillero/Semillero2022/ScreenPlayTest/lib/src/test/resources/com/sophos/semillero/features/saucedemoaddproductos.feature:16)&#13;
</system-err></testcase></testsuite>